2026-03-30T17:10:50.309+01:00  INFO 25448 --- [tp8-monitoring] [main] [                                                 ] ma.ens.Tp8MonitoringApplication          : Starting Tp8MonitoringApplication using Java 17.0.18 with PID 25448 (C:\Users\ZAKIA AZIZI\OneDrive\Desktop\architecture\tp8-monitoring\target\classes started by ZAKIA AZIZI in C:\Users\ZAKIA AZIZI\OneDrive\Desktop\architecture\tp8-monitoring)
2026-03-30T17:10:50.313+01:00  INFO 25448 --- [tp8-monitoring] [main] [                                                 ] ma.ens.Tp8MonitoringApplication          : No active profile set, falling back to 1 default profile: "default"
2026-03-30T17:10:51.399+01:00  INFO 25448 --- [tp8-monitoring] [main] [                                                 ] o.s.boot.tomcat.TomcatWebServer          : Tomcat initialized with port 8081 (http)
2026-03-30T17:10:51.416+01:00  INFO 25448 --- [tp8-monitoring] [main] [                                                 ] o.apache.catalina.core.StandardService   : Starting service [Tomcat]
2026-03-30T17:10:51.416+01:00  INFO 25448 --- [tp8-monitoring] [main] [                                                 ] o.apache.catalina.core.StandardEngine    : Starting Servlet engine: [Apache Tomcat/11.0.20]
2026-03-30T17:10:51.501+01:00  INFO 25448 --- [tp8-monitoring] [main] [                                                 ] b.w.c.s.WebApplicationContextInitializer : Root WebApplicationContext: initialization completed in 1118 ms
2026-03-30T17:10:51.991+01:00  INFO 25448 --- [tp8-monitoring] [main] [                                                 ] o.s.b.a.e.web.EndpointLinksResolver      : Exposing 13 endpoints beneath base path '/actuator'
2026-03-30T17:10:52.038+01:00  INFO 25448 --- [tp8-monitoring] [main] [                                                 ] o.s.boot.tomcat.TomcatWebServer          : Tomcat started on port 8081 (http) with context path '/'
2026-03-30T17:10:52.054+01:00  INFO 25448 --- [tp8-monitoring] [main] [                                                 ] ma.ens.Tp8MonitoringApplication          : Started Tp8MonitoringApplication in 2.236 seconds (process running for 2.643)
2026-03-30T17:10:52.101+01:00  INFO 25448 --- [tp8-monitoring] [main] [                                                 ] ma.ens.Tp8MonitoringApplication          : Application démarrée avec succès !
2026-03-30T17:11:20.081+01:00  INFO 25448 --- [tp8-monitoring] [http-nio-8081-exec-1] [                                                 ] o.a.c.c.C.[Tomcat].[localhost].[/]       : Initializing Spring DispatcherServlet 'dispatcherServlet'
2026-03-30T17:11:20.081+01:00  INFO 25448 --- [tp8-monitoring] [http-nio-8081-exec-1] [                                                 ] o.s.web.servlet.DispatcherServlet        : Initializing Servlet 'dispatcherServlet'
2026-03-30T17:11:20.081+01:00  INFO 25448 --- [tp8-monitoring] [http-nio-8081-exec-1] [                                                 ] o.s.web.servlet.DispatcherServlet        : Completed initialization in 0 ms
2026-03-30T17:11:20.132+01:00  INFO 25448 --- [tp8-monitoring] [http-nio-8081-exec-1] [                                                 ] ma.ens.controller.DemoController         : Requête reçue sur /demo
2026-03-30T17:11:20.132+01:00  INFO 25448 --- [tp8-monitoring] [http-nio-8081-exec-1] [                                                 ] ma.ens.service.DemoService               : Démarrage du traitement des données
2026-03-30T17:11:20.247+01:00  INFO 25448 --- [tp8-monitoring] [http-nio-8081-exec-1] [                                                 ] ma.ens.service.DemoService               : Traitement terminé
2026-03-30T17:16:38.354+01:00  INFO 25448 --- [tp8-monitoring] [SpringApplicationShutdownHook] [                                                 ] o.s.boot.tomcat.GracefulShutdown         : Commencing graceful shutdown. Waiting for active requests to complete
2026-03-30T17:16:38.519+01:00  INFO 25448 --- [tp8-monitoring] [tomcat-shutdown] [                                                 ] o.s.boot.tomcat.GracefulShutdown         : Graceful shutdown complete
2026-03-30T17:24:07.254+01:00  INFO 13832 --- [tp8-monitoring] [main] [                                                 ] ma.ens.Tp8MonitoringApplication          : Starting Tp8MonitoringApplication using Java 17.0.18 with PID 13832 (C:\Users\ZAKIA AZIZI\OneDrive\Desktop\architecture\tp8-monitoring\target\classes started by ZAKIA AZIZI in C:\Users\ZAKIA AZIZI\OneDrive\Desktop\architecture\tp8-monitoring)
2026-03-30T17:24:07.259+01:00  INFO 13832 --- [tp8-monitoring] [main] [                                                 ] ma.ens.Tp8MonitoringApplication          : No active profile set, falling back to 1 default profile: "default"
2026-03-30T17:24:08.717+01:00  INFO 13832 --- [tp8-monitoring] [main] [                                                 ] o.s.boot.tomcat.TomcatWebServer          : Tomcat initialized with port 8081 (http)
2026-03-30T17:24:08.733+01:00  INFO 13832 --- [tp8-monitoring] [main] [                                                 ] o.apache.catalina.core.StandardService   : Starting service [Tomcat]
2026-03-30T17:24:08.733+01:00  INFO 13832 --- [tp8-monitoring] [main] [                                                 ] o.apache.catalina.core.StandardEngine    : Starting Servlet engine: [Apache Tomcat/11.0.20]
2026-03-30T17:24:08.790+01:00  INFO 13832 --- [tp8-monitoring] [main] [                                                 ] b.w.c.s.WebApplicationContextInitializer : Root WebApplicationContext: initialization completed in 1477 ms
2026-03-30T17:24:09.349+01:00  INFO 13832 --- [tp8-monitoring] [main] [                                                 ] o.s.b.a.e.web.EndpointLinksResolver      : Exposing 14 endpoints beneath base path '/actuator'
2026-03-30T17:24:09.432+01:00  INFO 13832 --- [tp8-monitoring] [main] [                                                 ] o.s.boot.tomcat.TomcatWebServer          : Tomcat started on port 8081 (http) with context path '/'
2026-03-30T17:24:09.434+01:00  INFO 13832 --- [tp8-monitoring] [main] [                                                 ] ma.ens.Tp8MonitoringApplication          : Started Tp8MonitoringApplication in 2.67 seconds (process running for 3.072)
2026-03-30T17:24:09.485+01:00  INFO 13832 --- [tp8-monitoring] [main] [                                                 ] ma.ens.Tp8MonitoringApplication          : Application démarrée avec succès !
2026-03-30T17:24:13.572+01:00  INFO 13832 --- [tp8-monitoring] [http-nio-8081-exec-1] [                                                 ] o.a.c.c.C.[Tomcat].[localhost].[/]       : Initializing Spring DispatcherServlet 'dispatcherServlet'
2026-03-30T17:24:13.573+01:00  INFO 13832 --- [tp8-monitoring] [http-nio-8081-exec-1] [                                                 ] o.s.web.servlet.DispatcherServlet        : Initializing Servlet 'dispatcherServlet'
2026-03-30T17:24:13.576+01:00  INFO 13832 --- [tp8-monitoring] [http-nio-8081-exec-1] [                                                 ] o.s.web.servlet.DispatcherServlet        : Completed initialization in 2 ms
2026-03-30T17:26:45.038+01:00  INFO 13832 --- [tp8-monitoring] [SpringApplicationShutdownHook] [                                                 ] o.s.boot.tomcat.GracefulShutdown         : Commencing graceful shutdown. Waiting for active requests to complete
2026-03-30T17:26:45.213+01:00  INFO 13832 --- [tp8-monitoring] [tomcat-shutdown] [                                                 ] o.s.boot.tomcat.GracefulShutdown         : Graceful shutdown complete
